2023-12-05 10:56:18             SUCCESS             MOFSLOPENAPI.py             Initilize Constructor
2023-12-05 10:56:19             SUCCESS             MOFSLOPENAPI.py             GetManufacturerHP
2023-12-05 10:56:19             SUCCESS             MOFSLOPENAPI.py             Initilize Constructor Done
2023-12-05 10:56:19             SUCCESS             MOFSLOPENAPI.py             Initilize login request send
2023-12-05 10:56:19             SUCCESS             MOFSLOPENAPI.py             Initilize Post WebRequest Sent
2023-12-05 10:56:19             SUCCESS             MOFSLOPENAPI.py             Post WebRequest Send Successfully
2023-12-05 10:56:19             SUCCESS             MOFSLOPENAPI.py             Login sucessfully
2023-12-05 10:56:19             SUCCESS             MOFSLOPENAPI.py             Initilaize PlaceOrder request send
2023-12-05 10:56:19             SUCCESS             MOFSLOPENAPI.py             Initilize Post WebRequest Sent
2023-12-05 10:56:20             SUCCESS             MOFSLOPENAPI.py             Post WebRequest Send Successfully
2023-12-05 10:56:20             SUCCESS             MOFSLOPENAPI.py             PlaceOrder request sent Successfully
2023-12-05 10:56:20             SUCCESS             MOFSLOPENAPI.py             Initilaize PlaceOrder request send
2023-12-05 10:56:20             SUCCESS             MOFSLOPENAPI.py             Initilize Post WebRequest Sent
2023-12-05 10:56:20             SUCCESS             MOFSLOPENAPI.py             Post WebRequest Send Successfully
2023-12-05 10:56:20             SUCCESS             MOFSLOPENAPI.py             PlaceOrder request sent Successfully
2023-12-05 10:57:03             SUCCESS             MOFSLOPENAPI.py             Initilize Constructor
2023-12-05 10:57:04             SUCCESS             MOFSLOPENAPI.py             GetManufacturerHP
2023-12-05 10:57:04             SUCCESS             MOFSLOPENAPI.py             Initilize Constructor Done
2023-12-05 10:57:04             SUCCESS             MOFSLOPENAPI.py             Initilize login request send
2023-12-05 10:57:04             SUCCESS             MOFSLOPENAPI.py             Initilize Post WebRequest Sent
2023-12-05 10:57:04             SUCCESS             MOFSLOPENAPI.py             Post WebRequest Send Successfully
2023-12-05 10:57:04             SUCCESS             MOFSLOPENAPI.py             Login sucessfully
2023-12-05 10:57:04             SUCCESS             MOFSLOPENAPI.py             Initilaize PlaceOrder request send
2023-12-05 10:57:04             SUCCESS             MOFSLOPENAPI.py             Initilize Post WebRequest Sent
2023-12-05 10:57:05             SUCCESS             MOFSLOPENAPI.py             Post WebRequest Send Successfully
2023-12-05 10:57:05             SUCCESS             MOFSLOPENAPI.py             PlaceOrder request sent Successfully
2023-12-05 10:57:05             SUCCESS             MOFSLOPENAPI.py             Initilaize PlaceOrder request send
2023-12-05 10:57:05             SUCCESS             MOFSLOPENAPI.py             Initilize Post WebRequest Sent
2023-12-05 10:57:05             SUCCESS             MOFSLOPENAPI.py             Post WebRequest Send Successfully
2023-12-05 10:57:05             SUCCESS             MOFSLOPENAPI.py             PlaceOrder request sent Successfully
2023-12-05 10:57:26             SUCCESS             MOFSLOPENAPI.py             Initilize Constructor
2023-12-05 10:57:27             SUCCESS             MOFSLOPENAPI.py             GetManufacturerHP
2023-12-05 10:57:27             SUCCESS             MOFSLOPENAPI.py             Initilize Constructor Done
2023-12-05 10:57:27             SUCCESS             MOFSLOPENAPI.py             Initilize login request send
2023-12-05 10:57:27             SUCCESS             MOFSLOPENAPI.py             Initilize Post WebRequest Sent
2023-12-05 10:57:27             SUCCESS             MOFSLOPENAPI.py             Post WebRequest Send Successfully
2023-12-05 10:57:27             SUCCESS             MOFSLOPENAPI.py             Login sucessfully
2023-12-05 10:57:27             SUCCESS             MOFSLOPENAPI.py             Initilaize PlaceOrder request send
2023-12-05 10:57:27             SUCCESS             MOFSLOPENAPI.py             Initilize Post WebRequest Sent
2023-12-05 10:57:28             SUCCESS             MOFSLOPENAPI.py             Post WebRequest Send Successfully
2023-12-05 10:57:28             SUCCESS             MOFSLOPENAPI.py             PlaceOrder request sent Successfully
2023-12-05 10:57:28             SUCCESS             MOFSLOPENAPI.py             Initilaize PlaceOrder request send
2023-12-05 10:57:28             SUCCESS             MOFSLOPENAPI.py             Initilize Post WebRequest Sent
2023-12-05 10:57:28             SUCCESS             MOFSLOPENAPI.py             Post WebRequest Send Successfully
2023-12-05 10:57:28             SUCCESS             MOFSLOPENAPI.py             PlaceOrder request sent Successfully
2023-12-05 10:58:40             SUCCESS             MOFSLOPENAPI.py             Initilize Constructor
2023-12-05 10:58:40             SUCCESS             MOFSLOPENAPI.py             GetManufacturerHP
2023-12-05 10:58:41             SUCCESS             MOFSLOPENAPI.py             Initilize Constructor Done
2023-12-05 10:58:41             SUCCESS             MOFSLOPENAPI.py             Initilize login request send
2023-12-05 10:58:41             SUCCESS             MOFSLOPENAPI.py             Initilize Post WebRequest Sent
2023-12-05 10:58:41             SUCCESS             MOFSLOPENAPI.py             Post WebRequest Send Successfully
2023-12-05 10:58:41             SUCCESS             MOFSLOPENAPI.py             Login sucessfully
2023-12-05 10:58:41             SUCCESS             MOFSLOPENAPI.py             Initilaize PlaceOrder request send
2023-12-05 10:58:41             SUCCESS             MOFSLOPENAPI.py             Initilize Post WebRequest Sent
2023-12-05 10:58:41             SUCCESS             MOFSLOPENAPI.py             Post WebRequest Send Successfully
2023-12-05 10:58:42             SUCCESS             MOFSLOPENAPI.py             PlaceOrder request sent Successfully
2023-12-05 11:00:15             SUCCESS             MOFSLOPENAPI.py             Initilize Constructor
2023-12-05 11:00:15             SUCCESS             MOFSLOPENAPI.py             GetManufacturerHP
2023-12-05 11:00:16             SUCCESS             MOFSLOPENAPI.py             Initilize Constructor Done
2023-12-05 11:00:16             SUCCESS             MOFSLOPENAPI.py             Initilize login request send
2023-12-05 11:00:16             SUCCESS             MOFSLOPENAPI.py             Initilize Post WebRequest Sent
2023-12-05 11:00:16             SUCCESS             MOFSLOPENAPI.py             Post WebRequest Send Successfully
2023-12-05 11:00:16             SUCCESS             MOFSLOPENAPI.py             Login sucessfully
2023-12-05 11:00:16             SUCCESS             MOFSLOPENAPI.py             Initilaize PlaceOrder request send
2023-12-05 11:00:16             SUCCESS             MOFSLOPENAPI.py             Initilize Post WebRequest Sent
2023-12-05 11:00:16             SUCCESS             MOFSLOPENAPI.py             Post WebRequest Send Successfully
2023-12-05 11:00:16             SUCCESS             MOFSLOPENAPI.py             PlaceOrder request sent Successfully
2023-12-05 11:01:11             SUCCESS             MOFSLOPENAPI.py             Initilize Constructor
2023-12-05 11:01:11             SUCCESS             MOFSLOPENAPI.py             GetManufacturerHP
2023-12-05 11:01:12             SUCCESS             MOFSLOPENAPI.py             Initilize Constructor Done
2023-12-05 11:01:12             SUCCESS             MOFSLOPENAPI.py             Initilize login request send
2023-12-05 11:01:12             SUCCESS             MOFSLOPENAPI.py             Initilize Post WebRequest Sent
2023-12-05 11:01:12             SUCCESS             MOFSLOPENAPI.py             Post WebRequest Send Successfully
2023-12-05 11:01:12             SUCCESS             MOFSLOPENAPI.py             Login sucessfully
2023-12-05 11:01:12             SUCCESS             MOFSLOPENAPI.py             Initilaize PlaceOrder request send
2023-12-05 11:01:12             SUCCESS             MOFSLOPENAPI.py             Initilize Post WebRequest Sent
2023-12-05 11:01:13             SUCCESS             MOFSLOPENAPI.py             Post WebRequest Send Successfully
2023-12-05 11:01:13             SUCCESS             MOFSLOPENAPI.py             PlaceOrder request sent Successfully
