2023-11-17 11:34:50             SUCCESS             MOFSLOPENAPI.py             Initilize Constructor
2023-11-17 11:34:51             SUCCESS             MOFSLOPENAPI.py             Initilize Constructor Done
2023-11-17 11:34:51             SUCCESS             MOFSLOPENAPI.py             Initilize login request send
2023-11-17 11:34:51             SUCCESS             MOFSLOPENAPI.py             Initilize Post WebRequest Sent
2023-11-17 11:34:51             SUCCESS             MOFSLOPENAPI.py             Post WebRequest Send Successfully
2023-11-17 11:34:51             SUCCESS             MOFSLOPENAPI.py             Login sucessfully
2023-11-17 11:34:51             SUCCESS             MOFSLOPENAPI.py             Initilaize PlaceOrder request send
2023-11-17 11:34:51             SUCCESS             MOFSLOPENAPI.py             Initilize Post WebRequest Sent
2023-11-17 11:34:51             SUCCESS             MOFSLOPENAPI.py             Post WebRequest Send Successfully
2023-11-17 11:34:51             SUCCESS             MOFSLOPENAPI.py             PlaceOrder request sent Successfully
2023-11-17 17:25:09             SUCCESS             MOFSLOPENAPI.py             Initilize Constructor
2023-11-17 17:26:46             SUCCESS             MOFSLOPENAPI.py             Initilize Constructor
2023-11-17 17:27:08             SUCCESS             MOFSLOPENAPI.py             Initilize Constructor Done
2023-11-17 17:27:08             SUCCESS             MOFSLOPENAPI.py             Initilize login request send
2023-11-17 17:27:08             SUCCESS             MOFSLOPENAPI.py             Initilize Post WebRequest Sent
2023-11-17 17:27:08             SUCCESS             MOFSLOPENAPI.py             Post WebRequest Send Successfully
2023-11-17 17:27:08             SUCCESS             MOFSLOPENAPI.py             Login sucessfully
2023-11-17 17:27:08             SUCCESS             MOFSLOPENAPI.py             Initilaize PlaceOrder request send
2023-11-17 17:27:08             SUCCESS             MOFSLOPENAPI.py             Initilize Post WebRequest Sent
2023-11-17 17:27:08             SUCCESS             MOFSLOPENAPI.py             Post WebRequest Send Successfully
2023-11-17 17:27:08             SUCCESS             MOFSLOPENAPI.py             PlaceOrder request sent Successfully
2023-11-17 17:29:29             SUCCESS             MOFSLOPENAPI.py             Initilize Constructor
2023-11-17 17:29:32             SUCCESS             MOFSLOPENAPI.py             Initilize Constructor Done
2023-11-17 17:29:32             SUCCESS             MOFSLOPENAPI.py             Initilize login request send
2023-11-17 17:29:32             SUCCESS             MOFSLOPENAPI.py             Initilize Post WebRequest Sent
2023-11-17 17:29:32             SUCCESS             MOFSLOPENAPI.py             Post WebRequest Send Successfully
2023-11-17 17:29:32             SUCCESS             MOFSLOPENAPI.py             Login sucessfully
2023-11-17 17:29:32             SUCCESS             MOFSLOPENAPI.py             Initilaize PlaceOrder request send
2023-11-17 17:29:32             SUCCESS             MOFSLOPENAPI.py             Initilize Post WebRequest Sent
2023-11-17 17:29:32             SUCCESS             MOFSLOPENAPI.py             Post WebRequest Send Successfully
2023-11-17 17:29:32             SUCCESS             MOFSLOPENAPI.py             PlaceOrder request sent Successfully
2023-11-17 17:30:28             SUCCESS             MOFSLOPENAPI.py             Initilize Constructor
2023-11-17 17:31:10             SUCCESS             MOFSLOPENAPI.py             Initilize Constructor Done
2023-11-17 17:31:10             SUCCESS             MOFSLOPENAPI.py             Initilize login request send
2023-11-17 17:31:10             SUCCESS             MOFSLOPENAPI.py             Initilize Post WebRequest Sent
2023-11-17 17:31:11             SUCCESS             MOFSLOPENAPI.py             Post WebRequest Send Successfully
2023-11-17 17:31:32             SUCCESS             MOFSLOPENAPI.py             Initilize Constructor
2023-11-17 17:31:54             SUCCESS             MOFSLOPENAPI.py             Initilize Constructor Done
2023-11-17 17:31:54             SUCCESS             MOFSLOPENAPI.py             Initilize login request send
2023-11-17 17:31:54             SUCCESS             MOFSLOPENAPI.py             Initilize Post WebRequest Sent
2023-11-17 17:31:54             SUCCESS             MOFSLOPENAPI.py             Post WebRequest Send Successfully
2023-11-17 17:31:54             SUCCESS             MOFSLOPENAPI.py             Login sucessfully
2023-11-17 17:31:54             SUCCESS             MOFSLOPENAPI.py             Initilaize PlaceOrder request send
2023-11-17 17:31:54             SUCCESS             MOFSLOPENAPI.py             Initilize Post WebRequest Sent
2023-11-17 17:31:55             SUCCESS             MOFSLOPENAPI.py             Post WebRequest Send Successfully
2023-11-17 17:31:55             SUCCESS             MOFSLOPENAPI.py             PlaceOrder request sent Successfully
2023-11-17 17:33:18             SUCCESS             MOFSLOPENAPI.py             Initilize Constructor
2023-11-17 17:33:19             SUCCESS             MOFSLOPENAPI.py             Initilize Constructor Done
2023-11-17 17:33:19             SUCCESS             MOFSLOPENAPI.py             Initilize login request send
2023-11-17 17:33:19             SUCCESS             MOFSLOPENAPI.py             Initilize Post WebRequest Sent
2023-11-17 17:33:19             SUCCESS             MOFSLOPENAPI.py             Post WebRequest Send Successfully
2023-11-17 17:33:19             SUCCESS             MOFSLOPENAPI.py             Login sucessfully
2023-11-17 17:33:19             SUCCESS             MOFSLOPENAPI.py             Initilaize PlaceOrder request send
2023-11-17 17:33:19             SUCCESS             MOFSLOPENAPI.py             Initilize Post WebRequest Sent
2023-11-17 17:33:19             SUCCESS             MOFSLOPENAPI.py             Post WebRequest Send Successfully
2023-11-17 17:33:19             SUCCESS             MOFSLOPENAPI.py             PlaceOrder request sent Successfully
2023-11-17 17:36:58             SUCCESS             MOFSLOPENAPI.py             Initilize Constructor
2023-11-17 17:36:59             SUCCESS             MOFSLOPENAPI.py             Initilize Constructor Done
2023-11-17 17:36:59             SUCCESS             MOFSLOPENAPI.py             Initilize login request send
2023-11-17 17:36:59             SUCCESS             MOFSLOPENAPI.py             Initilize Post WebRequest Sent
2023-11-17 17:36:59             SUCCESS             MOFSLOPENAPI.py             Post WebRequest Send Successfully
2023-11-17 17:36:59             SUCCESS             MOFSLOPENAPI.py             Login sucessfully
2023-11-17 17:36:59             SUCCESS             MOFSLOPENAPI.py             Initilaize PlaceOrder request send
2023-11-17 17:36:59             SUCCESS             MOFSLOPENAPI.py             Initilize Post WebRequest Sent
2023-11-17 17:37:00             SUCCESS             MOFSLOPENAPI.py             Post WebRequest Send Successfully
2023-11-17 17:37:00             SUCCESS             MOFSLOPENAPI.py             PlaceOrder request sent Successfully
2023-11-17 17:43:15             SUCCESS             MOFSLOPENAPI.py             Initilize Constructor
2023-11-17 17:43:16             SUCCESS             MOFSLOPENAPI.py             GetManufacturerHP
2023-11-17 17:43:16             SUCCESS             MOFSLOPENAPI.py             Initilize Constructor Done
2023-11-17 17:43:16             SUCCESS             MOFSLOPENAPI.py             Initilize login request send
2023-11-17 17:43:16             SUCCESS             MOFSLOPENAPI.py             Initilize Post WebRequest Sent
2023-11-17 17:43:16             SUCCESS             MOFSLOPENAPI.py             Post WebRequest Send Successfully
2023-11-17 17:43:16             SUCCESS             MOFSLOPENAPI.py             Login sucessfully
2023-11-17 17:43:16             SUCCESS             MOFSLOPENAPI.py             Initilaize PlaceOrder request send
2023-11-17 17:43:16             SUCCESS             MOFSLOPENAPI.py             Initilize Post WebRequest Sent
2023-11-17 17:43:17             SUCCESS             MOFSLOPENAPI.py             Post WebRequest Send Successfully
2023-11-17 17:43:17             SUCCESS             MOFSLOPENAPI.py             PlaceOrder request sent Successfully
2023-11-17 17:44:46             SUCCESS             MOFSLOPENAPI.py             Initilize Constructor
2023-11-17 17:44:49             SUCCESS             MOFSLOPENAPI.py             GetManufacturerHP
2023-11-17 17:44:49             SUCCESS             MOFSLOPENAPI.py             Initilize Constructor Done
2023-11-17 17:44:49             SUCCESS             MOFSLOPENAPI.py             Initilize login request send
2023-11-17 17:44:49             SUCCESS             MOFSLOPENAPI.py             Initilize Post WebRequest Sent
2023-11-17 17:44:49             SUCCESS             MOFSLOPENAPI.py             Post WebRequest Send Successfully
2023-11-17 17:44:49             SUCCESS             MOFSLOPENAPI.py             Login sucessfully
2023-11-17 17:44:49             SUCCESS             MOFSLOPENAPI.py             Initilaize PlaceOrder request send
2023-11-17 17:44:50             SUCCESS             MOFSLOPENAPI.py             Initilize Post WebRequest Sent
2023-11-17 17:44:50             SUCCESS             MOFSLOPENAPI.py             Post WebRequest Send Successfully
2023-11-17 17:44:50             SUCCESS             MOFSLOPENAPI.py             PlaceOrder request sent Successfully
2023-11-17 17:46:15             SUCCESS             MOFSLOPENAPI.py             Initilize Constructor
2023-11-17 17:46:15             SUCCESS             MOFSLOPENAPI.py             GetManufacturerHP
2023-11-17 17:46:16             SUCCESS             MOFSLOPENAPI.py             Initilize Constructor Done
2023-11-17 17:46:16             SUCCESS             MOFSLOPENAPI.py             Initilize login request send
2023-11-17 17:46:16             SUCCESS             MOFSLOPENAPI.py             Initilize Post WebRequest Sent
2023-11-17 17:46:16             SUCCESS             MOFSLOPENAPI.py             Post WebRequest Send Successfully
2023-11-17 17:46:16             SUCCESS             MOFSLOPENAPI.py             Login sucessfully
2023-11-17 17:46:16             SUCCESS             MOFSLOPENAPI.py             Initilaize PlaceOrder request send
2023-11-17 17:46:16             SUCCESS             MOFSLOPENAPI.py             Initilize Post WebRequest Sent
2023-11-17 17:46:16             SUCCESS             MOFSLOPENAPI.py             Post WebRequest Send Successfully
2023-11-17 17:46:16             SUCCESS             MOFSLOPENAPI.py             PlaceOrder request sent Successfully
2023-11-17 17:46:52             SUCCESS             MOFSLOPENAPI.py             Initilize Constructor
2023-11-17 17:46:52             SUCCESS             MOFSLOPENAPI.py             GetManufacturerHP
2023-11-17 17:46:53             SUCCESS             MOFSLOPENAPI.py             Initilize Constructor Done
2023-11-17 17:46:53             SUCCESS             MOFSLOPENAPI.py             Initilize login request send
2023-11-17 17:46:53             SUCCESS             MOFSLOPENAPI.py             Initilize Post WebRequest Sent
2023-11-17 17:46:53             SUCCESS             MOFSLOPENAPI.py             Post WebRequest Send Successfully
2023-11-17 17:46:53             SUCCESS             MOFSLOPENAPI.py             Login sucessfully
2023-11-17 17:46:53             SUCCESS             MOFSLOPENAPI.py             Initilaize PlaceOrder request send
2023-11-17 17:46:53             SUCCESS             MOFSLOPENAPI.py             Initilize Post WebRequest Sent
2023-11-17 17:46:53             SUCCESS             MOFSLOPENAPI.py             Post WebRequest Send Successfully
2023-11-17 17:46:53             SUCCESS             MOFSLOPENAPI.py             PlaceOrder request sent Successfully
2023-11-17 17:47:26             SUCCESS             MOFSLOPENAPI.py             Initilize Constructor
2023-11-17 17:47:26             SUCCESS             MOFSLOPENAPI.py             GetManufacturerHP
2023-11-17 17:47:26             SUCCESS             MOFSLOPENAPI.py             Initilize Constructor Done
2023-11-17 17:47:26             SUCCESS             MOFSLOPENAPI.py             Initilize login request send
2023-11-17 17:47:26             SUCCESS             MOFSLOPENAPI.py             Initilize Post WebRequest Sent
2023-11-17 17:47:27             SUCCESS             MOFSLOPENAPI.py             Post WebRequest Send Successfully
2023-11-17 17:47:27             SUCCESS             MOFSLOPENAPI.py             Login sucessfully
2023-11-17 17:47:27             SUCCESS             MOFSLOPENAPI.py             Initilaize PlaceOrder request send
2023-11-17 17:47:27             SUCCESS             MOFSLOPENAPI.py             Initilize Post WebRequest Sent
2023-11-17 17:47:27             SUCCESS             MOFSLOPENAPI.py             Post WebRequest Send Successfully
2023-11-17 17:47:27             SUCCESS             MOFSLOPENAPI.py             PlaceOrder request sent Successfully
2023-11-17 17:47:27             SUCCESS             MOFSLOPENAPI.py             Initilaize PlaceOrder request send
2023-11-17 17:47:27             SUCCESS             MOFSLOPENAPI.py             Initilize Post WebRequest Sent
2023-11-17 17:47:28             SUCCESS             MOFSLOPENAPI.py             Post WebRequest Send Successfully
2023-11-17 17:47:28             SUCCESS             MOFSLOPENAPI.py             PlaceOrder request sent Successfully
2023-11-17 17:47:47             SUCCESS             MOFSLOPENAPI.py             Initilize Constructor
2023-11-17 17:47:48             SUCCESS             MOFSLOPENAPI.py             GetManufacturerHP
2023-11-17 17:47:48             SUCCESS             MOFSLOPENAPI.py             Initilize Constructor Done
2023-11-17 17:47:48             SUCCESS             MOFSLOPENAPI.py             Initilize login request send
2023-11-17 17:47:48             SUCCESS             MOFSLOPENAPI.py             Initilize Post WebRequest Sent
2023-11-17 17:47:49             SUCCESS             MOFSLOPENAPI.py             Post WebRequest Send Successfully
2023-11-17 17:47:49             SUCCESS             MOFSLOPENAPI.py             Login sucessfully
2023-11-17 17:47:49             SUCCESS             MOFSLOPENAPI.py             Initilaize PlaceOrder request send
2023-11-17 17:47:49             SUCCESS             MOFSLOPENAPI.py             Initilize Post WebRequest Sent
2023-11-17 17:47:49             SUCCESS             MOFSLOPENAPI.py             Post WebRequest Send Successfully
2023-11-17 17:47:49             SUCCESS             MOFSLOPENAPI.py             PlaceOrder request sent Successfully
2023-11-17 17:47:49             SUCCESS             MOFSLOPENAPI.py             Initilaize PlaceOrder request send
2023-11-17 17:47:49             SUCCESS             MOFSLOPENAPI.py             Initilize Post WebRequest Sent
2023-11-17 17:47:49             SUCCESS             MOFSLOPENAPI.py             Post WebRequest Send Successfully
2023-11-17 17:47:49             SUCCESS             MOFSLOPENAPI.py             PlaceOrder request sent Successfully
2023-11-17 18:09:18             SUCCESS             MOFSLOPENAPI.py             Initilize Constructor
2023-11-17 18:09:19             SUCCESS             MOFSLOPENAPI.py             GetManufacturerHP
2023-11-17 18:09:19             SUCCESS             MOFSLOPENAPI.py             Initilize Constructor Done
2023-11-17 18:09:19             SUCCESS             MOFSLOPENAPI.py             Initilize login request send
2023-11-17 18:09:19             SUCCESS             MOFSLOPENAPI.py             Initilize Post WebRequest Sent
2023-11-17 18:09:19             SUCCESS             MOFSLOPENAPI.py             Post WebRequest Send Successfully
2023-11-17 18:09:19             SUCCESS             MOFSLOPENAPI.py             Login sucessfully
2023-11-17 18:09:19             SUCCESS             MOFSLOPENAPI.py             Initilaize PlaceOrder request send
2023-11-17 18:09:19             SUCCESS             MOFSLOPENAPI.py             Initilize Post WebRequest Sent
2023-11-17 18:09:19             SUCCESS             MOFSLOPENAPI.py             Post WebRequest Send Successfully
2023-11-17 18:09:19             SUCCESS             MOFSLOPENAPI.py             PlaceOrder request sent Successfully
2023-11-17 18:09:20             SUCCESS             MOFSLOPENAPI.py             Initilaize PlaceOrder request send
2023-11-17 18:09:20             SUCCESS             MOFSLOPENAPI.py             Initilize Post WebRequest Sent
2023-11-17 18:09:20             SUCCESS             MOFSLOPENAPI.py             Post WebRequest Send Successfully
2023-11-17 18:09:20             SUCCESS             MOFSLOPENAPI.py             PlaceOrder request sent Successfully
2023-11-17 18:54:14             SUCCESS             MOFSLOPENAPI.py             Initilize Constructor
2023-11-17 18:54:15             SUCCESS             MOFSLOPENAPI.py             GetManufacturerHP
2023-11-17 18:54:15             SUCCESS             MOFSLOPENAPI.py             Initilize Constructor Done
2023-11-17 18:54:15             SUCCESS             MOFSLOPENAPI.py             Initilize login request send
2023-11-17 18:54:15             SUCCESS             MOFSLOPENAPI.py             Initilize Post WebRequest Sent
2023-11-17 18:54:15             SUCCESS             MOFSLOPENAPI.py             Post WebRequest Send Successfully
2023-11-17 18:54:15             SUCCESS             MOFSLOPENAPI.py             Login sucessfully
2023-11-17 18:54:15             SUCCESS             MOFSLOPENAPI.py             Initilaize PlaceOrder request send
2023-11-17 18:54:15             SUCCESS             MOFSLOPENAPI.py             Initilize Post WebRequest Sent
2023-11-17 18:54:16             SUCCESS             MOFSLOPENAPI.py             Post WebRequest Send Successfully
2023-11-17 18:54:16             SUCCESS             MOFSLOPENAPI.py             PlaceOrder request sent Successfully
2023-11-17 18:54:16             SUCCESS             MOFSLOPENAPI.py             Initilaize PlaceOrder request send
2023-11-17 18:54:16             SUCCESS             MOFSLOPENAPI.py             Initilize Post WebRequest Sent
2023-11-17 18:54:16             SUCCESS             MOFSLOPENAPI.py             Post WebRequest Send Successfully
2023-11-17 18:54:16             SUCCESS             MOFSLOPENAPI.py             PlaceOrder request sent Successfully
2023-11-17 18:54:38             SUCCESS             MOFSLOPENAPI.py             Initilize Constructor
2023-11-17 18:54:39             SUCCESS             MOFSLOPENAPI.py             GetManufacturerHP
2023-11-17 18:54:40             SUCCESS             MOFSLOPENAPI.py             Initilize Constructor Done
2023-11-17 18:54:40             SUCCESS             MOFSLOPENAPI.py             Initilize login request send
2023-11-17 18:54:40             SUCCESS             MOFSLOPENAPI.py             Initilize Post WebRequest Sent
2023-11-17 18:54:40             SUCCESS             MOFSLOPENAPI.py             Post WebRequest Send Successfully
2023-11-17 18:54:40             ERROR             MOFSLOPENAPI.py             Two Factor Authentication Failed
2023-11-17 18:54:40             SUCCESS             MOFSLOPENAPI.py             Initilaize PlaceOrder request send
2023-11-17 18:54:40             SUCCESS             MOFSLOPENAPI.py             Initilize Post WebRequest Sent
2023-11-17 18:54:40             SUCCESS             MOFSLOPENAPI.py             Post WebRequest Send Successfully
2023-11-17 18:54:40             SUCCESS             MOFSLOPENAPI.py             PlaceOrder request sent Successfully
2023-11-17 18:54:40             SUCCESS             MOFSLOPENAPI.py             Initilaize PlaceOrder request send
2023-11-17 18:54:40             SUCCESS             MOFSLOPENAPI.py             Initilize Post WebRequest Sent
2023-11-17 18:54:41             SUCCESS             MOFSLOPENAPI.py             Post WebRequest Send Successfully
2023-11-17 18:54:41             SUCCESS             MOFSLOPENAPI.py             PlaceOrder request sent Successfully
2023-11-17 18:55:31             SUCCESS             MOFSLOPENAPI.py             Initilize Constructor
2023-11-17 19:04:02             SUCCESS             MOFSLOPENAPI.py             Initilize Constructor
2023-11-17 19:04:03             SUCCESS             MOFSLOPENAPI.py             GetManufacturerHP
2023-11-17 19:04:03             SUCCESS             MOFSLOPENAPI.py             Initilize Constructor Done
2023-11-17 19:04:03             SUCCESS             MOFSLOPENAPI.py             Initilize login request send
2023-11-17 19:04:03             SUCCESS             MOFSLOPENAPI.py             Initilize Post WebRequest Sent
2023-11-17 19:04:03             SUCCESS             MOFSLOPENAPI.py             Post WebRequest Send Successfully
2023-11-17 19:04:03             SUCCESS             MOFSLOPENAPI.py             Login sucessfully
2023-11-17 19:04:03             SUCCESS             MOFSLOPENAPI.py             Initilaize PlaceOrder request send
2023-11-17 19:04:03             SUCCESS             MOFSLOPENAPI.py             Initilize Post WebRequest Sent
2023-11-17 19:04:03             SUCCESS             MOFSLOPENAPI.py             Post WebRequest Send Successfully
2023-11-17 19:04:03             SUCCESS             MOFSLOPENAPI.py             PlaceOrder request sent Successfully
2023-11-17 19:04:03             SUCCESS             MOFSLOPENAPI.py             Initilaize PlaceOrder request send
2023-11-17 19:04:03             SUCCESS             MOFSLOPENAPI.py             Initilize Post WebRequest Sent
2023-11-17 19:04:04             SUCCESS             MOFSLOPENAPI.py             Post WebRequest Send Successfully
2023-11-17 19:04:04             SUCCESS             MOFSLOPENAPI.py             PlaceOrder request sent Successfully
2023-11-17 19:06:30             SUCCESS             MOFSLOPENAPI.py             Initilize Constructor
2023-11-17 19:06:52             SUCCESS             MOFSLOPENAPI.py             GetManufacturerHP
2023-11-17 19:06:52             SUCCESS             MOFSLOPENAPI.py             Initilize Constructor Done
2023-11-17 19:06:52             SUCCESS             MOFSLOPENAPI.py             Initilize login request send
2023-11-17 19:06:52             SUCCESS             MOFSLOPENAPI.py             Initilize Post WebRequest Sent
2023-11-17 19:06:52             SUCCESS             MOFSLOPENAPI.py             Post WebRequest Send Successfully
2023-11-17 19:06:52             SUCCESS             MOFSLOPENAPI.py             Login sucessfully
2023-11-17 19:06:52             SUCCESS             MOFSLOPENAPI.py             Initilaize PlaceOrder request send
2023-11-17 19:06:52             SUCCESS             MOFSLOPENAPI.py             Initilize Post WebRequest Sent
2023-11-17 19:06:52             SUCCESS             MOFSLOPENAPI.py             Post WebRequest Send Successfully
2023-11-17 19:06:52             SUCCESS             MOFSLOPENAPI.py             PlaceOrder request sent Successfully
2023-11-17 19:06:52             SUCCESS             MOFSLOPENAPI.py             Initilaize PlaceOrder request send
2023-11-17 19:06:52             SUCCESS             MOFSLOPENAPI.py             Initilize Post WebRequest Sent
2023-11-17 19:06:53             SUCCESS             MOFSLOPENAPI.py             Post WebRequest Send Successfully
2023-11-17 19:06:53             SUCCESS             MOFSLOPENAPI.py             PlaceOrder request sent Successfully
2023-11-17 19:11:16             SUCCESS             MOFSLOPENAPI.py             Initilize Constructor
2023-11-17 19:11:39             SUCCESS             MOFSLOPENAPI.py             GetManufacturerHP
2023-11-17 19:11:39             SUCCESS             MOFSLOPENAPI.py             Initilize Constructor Done
2023-11-17 19:11:39             SUCCESS             MOFSLOPENAPI.py             Initilize login request send
2023-11-17 19:11:39             SUCCESS             MOFSLOPENAPI.py             Initilize Post WebRequest Sent
2023-11-17 19:11:39             SUCCESS             MOFSLOPENAPI.py             Post WebRequest Send Successfully
2023-11-17 19:11:39             SUCCESS             MOFSLOPENAPI.py             Login sucessfully
2023-11-17 19:11:39             SUCCESS             MOFSLOPENAPI.py             Initilaize PlaceOrder request send
2023-11-17 19:11:39             SUCCESS             MOFSLOPENAPI.py             Initilize Post WebRequest Sent
2023-11-17 19:11:40             SUCCESS             MOFSLOPENAPI.py             Post WebRequest Send Successfully
2023-11-17 19:11:40             SUCCESS             MOFSLOPENAPI.py             PlaceOrder request sent Successfully
2023-11-17 19:11:40             SUCCESS             MOFSLOPENAPI.py             Initilaize PlaceOrder request send
2023-11-17 19:11:40             SUCCESS             MOFSLOPENAPI.py             Initilize Post WebRequest Sent
2023-11-17 19:11:40             SUCCESS             MOFSLOPENAPI.py             Post WebRequest Send Successfully
2023-11-17 19:11:40             SUCCESS             MOFSLOPENAPI.py             PlaceOrder request sent Successfully
2023-11-17 19:15:37             SUCCESS             MOFSLOPENAPI.py             Initilize Constructor
2023-11-17 19:15:59             SUCCESS             MOFSLOPENAPI.py             GetManufacturerHP
2023-11-17 19:16:00             SUCCESS             MOFSLOPENAPI.py             Initilize Constructor Done
2023-11-17 19:16:00             SUCCESS             MOFSLOPENAPI.py             Initilize login request send
2023-11-17 19:16:00             SUCCESS             MOFSLOPENAPI.py             Initilize Post WebRequest Sent
2023-11-17 19:16:00             SUCCESS             MOFSLOPENAPI.py             Post WebRequest Send Successfully
2023-11-17 19:16:00             SUCCESS             MOFSLOPENAPI.py             Login sucessfully
2023-11-17 19:16:00             SUCCESS             MOFSLOPENAPI.py             Initilaize PlaceOrder request send
2023-11-17 19:16:00             SUCCESS             MOFSLOPENAPI.py             Initilize Post WebRequest Sent
2023-11-17 19:16:00             SUCCESS             MOFSLOPENAPI.py             Post WebRequest Send Successfully
2023-11-17 19:16:00             SUCCESS             MOFSLOPENAPI.py             PlaceOrder request sent Successfully
2023-11-17 19:16:00             SUCCESS             MOFSLOPENAPI.py             Initilaize PlaceOrder request send
2023-11-17 19:16:00             SUCCESS             MOFSLOPENAPI.py             Initilize Post WebRequest Sent
2023-11-17 19:16:01             SUCCESS             MOFSLOPENAPI.py             Post WebRequest Send Successfully
2023-11-17 19:16:01             SUCCESS             MOFSLOPENAPI.py             PlaceOrder request sent Successfully
2023-11-17 19:16:33             SUCCESS             MOFSLOPENAPI.py             Initilize Constructor
2023-11-17 19:16:55             SUCCESS             MOFSLOPENAPI.py             GetManufacturerHP
2023-11-17 19:16:55             SUCCESS             MOFSLOPENAPI.py             Initilize Constructor Done
2023-11-17 19:16:55             SUCCESS             MOFSLOPENAPI.py             Initilize login request send
2023-11-17 19:16:55             SUCCESS             MOFSLOPENAPI.py             Initilize Post WebRequest Sent
2023-11-17 19:16:56             SUCCESS             MOFSLOPENAPI.py             Post WebRequest Send Successfully
2023-11-17 19:16:56             SUCCESS             MOFSLOPENAPI.py             Login sucessfully
2023-11-17 19:16:56             SUCCESS             MOFSLOPENAPI.py             Initilaize PlaceOrder request send
2023-11-17 19:16:56             SUCCESS             MOFSLOPENAPI.py             Initilize Post WebRequest Sent
2023-11-17 19:16:56             SUCCESS             MOFSLOPENAPI.py             Post WebRequest Send Successfully
2023-11-17 19:16:56             SUCCESS             MOFSLOPENAPI.py             PlaceOrder request sent Successfully
2023-11-17 19:16:56             SUCCESS             MOFSLOPENAPI.py             Initilaize PlaceOrder request send
2023-11-17 19:16:56             SUCCESS             MOFSLOPENAPI.py             Initilize Post WebRequest Sent
2023-11-17 19:16:56             SUCCESS             MOFSLOPENAPI.py             Post WebRequest Send Successfully
2023-11-17 19:16:56             SUCCESS             MOFSLOPENAPI.py             PlaceOrder request sent Successfully
2023-11-17 19:20:39             SUCCESS             MOFSLOPENAPI.py             Initilize Constructor
2023-11-17 19:21:01             SUCCESS             MOFSLOPENAPI.py             GetManufacturerHP
2023-11-17 19:21:01             SUCCESS             MOFSLOPENAPI.py             Initilize Constructor Done
2023-11-17 19:21:01             SUCCESS             MOFSLOPENAPI.py             Initilize login request send
2023-11-17 19:21:01             SUCCESS             MOFSLOPENAPI.py             Initilize Post WebRequest Sent
2023-11-17 19:21:01             SUCCESS             MOFSLOPENAPI.py             Post WebRequest Send Successfully
2023-11-17 19:21:01             SUCCESS             MOFSLOPENAPI.py             Login sucessfully
2023-11-17 19:21:01             SUCCESS             MOFSLOPENAPI.py             Initilaize PlaceOrder request send
2023-11-17 19:21:01             SUCCESS             MOFSLOPENAPI.py             Initilize Post WebRequest Sent
2023-11-17 19:21:02             SUCCESS             MOFSLOPENAPI.py             Post WebRequest Send Successfully
2023-11-17 19:21:02             SUCCESS             MOFSLOPENAPI.py             PlaceOrder request sent Successfully
2023-11-17 19:21:02             SUCCESS             MOFSLOPENAPI.py             Initilaize PlaceOrder request send
2023-11-17 19:21:02             SUCCESS             MOFSLOPENAPI.py             Initilize Post WebRequest Sent
2023-11-17 19:21:02             SUCCESS             MOFSLOPENAPI.py             Post WebRequest Send Successfully
2023-11-17 19:21:02             SUCCESS             MOFSLOPENAPI.py             PlaceOrder request sent Successfully
2023-11-17 19:24:37             SUCCESS             MOFSLOPENAPI.py             Initilize Constructor
2023-11-17 19:24:38             SUCCESS             MOFSLOPENAPI.py             GetManufacturerHP
2023-11-17 19:24:38             SUCCESS             MOFSLOPENAPI.py             Initilize Constructor Done
2023-11-17 19:24:38             SUCCESS             MOFSLOPENAPI.py             Initilize login request send
2023-11-17 19:24:38             SUCCESS             MOFSLOPENAPI.py             Initilize Post WebRequest Sent
2023-11-17 19:24:38             SUCCESS             MOFSLOPENAPI.py             Post WebRequest Send Successfully
2023-11-17 19:24:38             SUCCESS             MOFSLOPENAPI.py             Login sucessfully
2023-11-17 19:24:38             SUCCESS             MOFSLOPENAPI.py             Initilaize PlaceOrder request send
2023-11-17 19:24:38             SUCCESS             MOFSLOPENAPI.py             Initilize Post WebRequest Sent
2023-11-17 19:24:38             SUCCESS             MOFSLOPENAPI.py             Post WebRequest Send Successfully
2023-11-17 19:24:39             SUCCESS             MOFSLOPENAPI.py             PlaceOrder request sent Successfully
2023-11-17 19:24:39             SUCCESS             MOFSLOPENAPI.py             Initilaize PlaceOrder request send
2023-11-17 19:24:39             SUCCESS             MOFSLOPENAPI.py             Initilize Post WebRequest Sent
2023-11-17 19:24:39             SUCCESS             MOFSLOPENAPI.py             Post WebRequest Send Successfully
2023-11-17 19:24:39             SUCCESS             MOFSLOPENAPI.py             PlaceOrder request sent Successfully
2023-11-17 19:25:21             SUCCESS             MOFSLOPENAPI.py             Initilize Constructor
2023-11-17 19:25:22             SUCCESS             MOFSLOPENAPI.py             GetManufacturerHP
2023-11-17 19:25:22             SUCCESS             MOFSLOPENAPI.py             Initilize Constructor Done
2023-11-17 19:25:22             SUCCESS             MOFSLOPENAPI.py             Initilize login request send
2023-11-17 19:25:22             SUCCESS             MOFSLOPENAPI.py             Initilize Post WebRequest Sent
2023-11-17 19:25:22             SUCCESS             MOFSLOPENAPI.py             Post WebRequest Send Successfully
2023-11-17 19:25:22             SUCCESS             MOFSLOPENAPI.py             Login sucessfully
2023-11-17 19:25:22             SUCCESS             MOFSLOPENAPI.py             Initilaize PlaceOrder request send
2023-11-17 19:25:22             SUCCESS             MOFSLOPENAPI.py             Initilize Post WebRequest Sent
2023-11-17 19:25:22             SUCCESS             MOFSLOPENAPI.py             Post WebRequest Send Successfully
2023-11-17 19:25:22             SUCCESS             MOFSLOPENAPI.py             PlaceOrder request sent Successfully
2023-11-17 19:25:22             SUCCESS             MOFSLOPENAPI.py             Initilaize PlaceOrder request send
2023-11-17 19:25:22             SUCCESS             MOFSLOPENAPI.py             Initilize Post WebRequest Sent
2023-11-17 19:25:23             SUCCESS             MOFSLOPENAPI.py             Post WebRequest Send Successfully
2023-11-17 19:25:23             SUCCESS             MOFSLOPENAPI.py             PlaceOrder request sent Successfully
