2023-11-18 10:42:38             SUCCESS             MOFSLOPENAPI.py             Initilize Constructor
2023-11-18 10:42:39             SUCCESS             MOFSLOPENAPI.py             GetManufacturerHP
2023-11-18 10:42:40             SUCCESS             MOFSLOPENAPI.py             Initilize Constructor Done
2023-11-18 10:42:40             SUCCESS             MOFSLOPENAPI.py             Initilize login request send
2023-11-18 10:42:40             SUCCESS             MOFSLOPENAPI.py             Initilize Post WebRequest Sent
2023-11-18 10:42:40             SUCCESS             MOFSLOPENAPI.py             Post WebRequest Send Successfully
2023-11-18 10:42:40             SUCCESS             MOFSLOPENAPI.py             Login sucessfully
2023-11-18 10:42:40             SUCCESS             MOFSLOPENAPI.py             Initilaize PlaceOrder request send
2023-11-18 10:42:40             SUCCESS             MOFSLOPENAPI.py             Initilize Post WebRequest Sent
2023-11-18 10:42:40             SUCCESS             MOFSLOPENAPI.py             Post WebRequest Send Successfully
2023-11-18 10:42:40             SUCCESS             MOFSLOPENAPI.py             PlaceOrder request sent Successfully
2023-11-18 10:42:40             SUCCESS             MOFSLOPENAPI.py             Initilaize PlaceOrder request send
2023-11-18 10:42:40             SUCCESS             MOFSLOPENAPI.py             Initilize Post WebRequest Sent
2023-11-18 10:42:41             SUCCESS             MOFSLOPENAPI.py             Post WebRequest Send Successfully
2023-11-18 10:42:41             SUCCESS             MOFSLOPENAPI.py             PlaceOrder request sent Successfully
2023-11-18 10:43:27             SUCCESS             MOFSLOPENAPI.py             Initilize Constructor
2023-11-18 10:43:28             SUCCESS             MOFSLOPENAPI.py             GetManufacturerHP
2023-11-18 10:43:28             SUCCESS             MOFSLOPENAPI.py             Initilize Constructor Done
2023-11-18 10:43:28             SUCCESS             MOFSLOPENAPI.py             Initilize login request send
2023-11-18 10:43:28             SUCCESS             MOFSLOPENAPI.py             Initilize Post WebRequest Sent
2023-11-18 10:43:29             SUCCESS             MOFSLOPENAPI.py             Post WebRequest Send Successfully
2023-11-18 10:43:29             SUCCESS             MOFSLOPENAPI.py             Login sucessfully
2023-11-18 10:43:29             SUCCESS             MOFSLOPENAPI.py             Initilaize PlaceOrder request send
2023-11-18 10:43:29             SUCCESS             MOFSLOPENAPI.py             Initilize Post WebRequest Sent
2023-11-18 10:43:29             SUCCESS             MOFSLOPENAPI.py             Post WebRequest Send Successfully
2023-11-18 10:43:29             SUCCESS             MOFSLOPENAPI.py             PlaceOrder request sent Successfully
2023-11-18 10:43:29             SUCCESS             MOFSLOPENAPI.py             Initilaize PlaceOrder request send
2023-11-18 10:43:29             SUCCESS             MOFSLOPENAPI.py             Initilize Post WebRequest Sent
2023-11-18 10:43:29             SUCCESS             MOFSLOPENAPI.py             Post WebRequest Send Successfully
2023-11-18 10:43:29             SUCCESS             MOFSLOPENAPI.py             PlaceOrder request sent Successfully
